Using pre-set license
Built from '2020.3/staging' branch; Version is '2020.3.24f1 (79c78de19888) revision 7980941'; Using compiler version '192528614'; Build Type 'Release'
OS: 'Windows 10  (10.0.19042) 64bit Professional' Language: 'en' Physical Memory: 16247 MB
BatchMode: 1, IsHumanControllingUs: 0, StartBugReporterOnCrash: 0, Is64bit: 1, IsPro: 0

COMMAND LINE ARGUMENTS:
D:\Unity Editors\2020.3.24f1\Editor\Unity.exe
-adb2
-batchMode
-noUpm
-name
AssetImportWorker0
-projectPath
D:/Projects/TheHeist/The Heist Project
-logFile
Logs/AssetImportWorker0.log
-srvPort
57611
Successfully changed project path to: D:/Projects/TheHeist/The Heist Project
D:/Projects/TheHeist/The Heist Project
Using Asset Import Pipeline V2.
Refreshing native plugins compatible for Editor in 37.45 ms, found 2 plugins.
Preloading 0 native plugins for Editor in 0.00 ms.
Initialize engine version: 2020.3.24f1 (79c78de19888)
[Subsystems] Discovering subsystems at path D:/Unity Editors/2020.3.24f1/Editor/Data/Resources/UnitySubsystems
[Subsystems] Discovering subsystems at path D:/Projects/TheHeist/The Heist Project/Assets
GfxDevice: creating device client; threaded=0
Direct3D:
    Version:  Direct3D 11.0 [level 11.1]
    Renderer: Intel(R) UHD Graphics 630 (ID=0x3e98)
    Vendor:   
    VRAM:     8123 MB
    Driver:   27.20.100.8681
Initialize mono
Mono path[0] = 'D:/Unity Editors/2020.3.24f1/Editor/Data/Managed'
Mono path[1] = 'D:/Unity Editors/2020.3.24f1/Editor/Data/MonoBleedingEdge/lib/mono/unityjit'
Mono config path = 'D:/Unity Editors/2020.3.24f1/Editor/Data/MonoBleedingEdge/etc'
Using monoOptions --debugger-agent=transport=dt_socket,embedding=1,server=y,suspend=n,address=127.0.0.1:56340
Begin MonoManager ReloadAssembly
Registering precompiled unity dll's ...
Register platform support module: D:/Unity Editors/2020.3.24f1/Editor/Data/PlaybackEngines/WindowsStandaloneSupport/UnityEditor.WindowsStandalone.Extensions.dll
Registered in 0.000760 seconds.
Native extension for WindowsStandalone target not found
Refreshing native plugins compatible for Editor in 38.09 ms, found 2 plugins.
Preloading 0 native plugins for Editor in 0.00 ms.
Mono: successfully reloaded assembly
- Completed reload, in  0.446 seconds
Domain Reload Profiling:
	ReloadAssembly (446ms)
		BeginReloadAssembly (37ms)
			ExecutionOrderSort (0ms)
			DisableScriptedObjects (0ms)
			BackupInstance (0ms)
			ReleaseScriptingObjects (0ms)
			CreateAndSetChildDomain (1ms)
		EndReloadAssembly (357ms)
			LoadAssemblies (37ms)
			RebuildTransferFunctionScriptingTraits (0ms)
			SetupTypeCache (117ms)
			ReleaseScriptCaches (0ms)
			RebuildScriptCaches (25ms)
			SetupLoadedEditorAssemblies (143ms)
				LogAssemblyErrors (0ms)
				InitializePlatformSupportModulesInManaged (3ms)
				SetLoadedEditorAssemblies (0ms)
				RefreshPlugins (38ms)
				BeforeProcessingInitializeOnLoad (13ms)
				ProcessInitializeOnLoadAttributes (66ms)
				ProcessInitializeOnLoadMethodAttributes (22ms)
				AfterProcessingInitializeOnLoad (0ms)
				EditorAssembliesLoaded (0ms)
			ExecutionOrderSort2 (0ms)
			AwakeInstancesAfterBackupRestoration (0ms)
Platform modules already initialized, skipping
Registering precompiled user dll's ...
Registered in 0.002480 seconds.
Begin MonoManager ReloadAssembly
Native extension for WindowsStandalone target not found
Refreshing native plugins compatible for Editor in 0.41 ms, found 2 plugins.
Preloading 0 native plugins for Editor in 0.00 ms.
Mono: successfully reloaded assembly
- Completed reload, in  1.181 seconds
Domain Reload Profiling:
	ReloadAssembly (1182ms)
		BeginReloadAssembly (111ms)
			ExecutionOrderSort (0ms)
			DisableScriptedObjects (4ms)
			BackupInstance (0ms)
			ReleaseScriptingObjects (0ms)
			CreateAndSetChildDomain (14ms)
		EndReloadAssembly (1027ms)
			LoadAssemblies (63ms)
			RebuildTransferFunctionScriptingTraits (0ms)
			SetupTypeCache (229ms)
			ReleaseScriptCaches (0ms)
			RebuildScriptCaches (38ms)
			SetupLoadedEditorAssemblies (624ms)
				LogAssemblyErrors (0ms)
				InitializePlatformSupportModulesInManaged (3ms)
				SetLoadedEditorAssemblies (0ms)
				RefreshPlugins (0ms)
				BeforeProcessingInitializeOnLoad (62ms)
				ProcessInitializeOnLoadAttributes (550ms)
				ProcessInitializeOnLoadMethodAttributes (6ms)
				AfterProcessingInitializeOnLoad (2ms)
				EditorAssembliesLoaded (0ms)
			ExecutionOrderSort2 (0ms)
			AwakeInstancesAfterBackupRestoration (6ms)
Platform modules already initialized, skipping
========================================================================
Worker process is ready to serve import requests
Launched and connected shader compiler UnityShaderCompiler.exe after 0.05 seconds
Refreshing native plugins compatible for Editor in 0.43 ms, found 2 plugins.
Preloading 0 native plugins for Editor in 0.00 ms.
Unloading 2203 Unused Serialized files (Serialized files now loaded: 0)
System memory in use before: 191.0 MB.
System memory in use after: 191.1 MB.

Unloading 20 unused Assets to reduce memory usage. Loaded Objects now: 2660.
Total: 2.779600 ms (FindLiveObjects: 0.220500 ms CreateObjectMapping: 0.097300 ms MarkObjects: 2.362800 ms  DeleteObjects: 0.097900 ms)

AssetImportParameters requested are different than current active one (requested -> active):
  custom:framework-win-MediaFoundation: 216162199b28c13a410421893ffa2e32 -> 
  custom:video-decoder-ogg-theora: a1e56fd34408186e4bbccfd4996cb3dc -> 
  custom:container-muxer-webm: aa71ff27fc2769a1b78a27578f13a17b -> 
  custom:container-demuxer-webm: 4f35f7cbe854078d1ac9338744f61a02 -> 
  custom:container-demuxer-ogg: 62fdf1f143b41e24485cea50d1cbac27 -> 
  custom:video-encoder-webm-vp8: eb34c28f22e8b96e1ab97ce403110664 -> 
  custom:video-decoder-webm-vp8: 9c59270c3fd7afecdb556c50c9e8de78 -> 
  custom:audio-decoder-ogg-vorbis: bf7c407c2cedff20999df2af8eb42d56 -> 
  custom:audio-encoder-webm-vorbis: bf7c407c2cedff20999df2af8eb42d56 -> 
========================================================================
Received Import Request.
  path: Assets/Animation/Pistol_Handgun Locomotion Pack/Ch18_nonPBR 1.controller
  artifactKey: Guid(6cc91d2072c8b3143b57632e95decf08) Importer(815301076,1909f56bfc062723c751e8b465ee728b)
Start importing Assets/Animation/Pistol_Handgun Locomotion Pack/Ch18_nonPBR 1.controller using Guid(6cc91d2072c8b3143b57632e95decf08) Importer(815301076,1909f56bfc062723c751e8b465ee728b)  -> (artifact id: '64070036714278c0ce60e03200c1c29d') in 0.030421 seconds 
  Import took 0.034938 seconds .

========================================================================
Received Import Request.
  Time since last request: 722.833857 seconds.
  path: Assets/Animation/Pro Rifle Pack
  artifactKey: Guid(917834d9bec194d4d8939646037b5d44) Importer(815301076,1909f56bfc062723c751e8b465ee728b)
Start importing Assets/Animation/Pro Rifle Pack using Guid(917834d9bec194d4d8939646037b5d44) Importer(815301076,1909f56bfc062723c751e8b465ee728b)  -> (artifact id: 'cf6e6f48e6e3464fce098128fef8a485') in 0.004997 seconds 
  Import took 0.008308 seconds .

========================================================================
Received Import Request.
  Time since last request: 0.071254 seconds.
  path: Assets/Animation/Pro Rifle Pack/crouching turn 90 left.fbx
  artifactKey: Guid(82a33b0b58106a74f8b911ae49ed3cb5) Importer(815301076,1909f56bfc062723c751e8b465ee728b)
Start importing Assets/Animation/Pro Rifle Pack/crouching turn 90 left.fbx using Guid(82a33b0b58106a74f8b911ae49ed3cb5) Importer(815301076,1909f56bfc062723c751e8b465ee728b)  -> (artifact id: 'c0232831994c985696c0146e91eef1a4') in 0.023444 seconds 
  Import took 0.026879 seconds .

========================================================================
Received Import Request.
  Time since last request: 0.000220 seconds.
  path: Assets/Animation/Pro Rifle Pack/idle aiming.fbx
  artifactKey: Guid(2f7e24818f411bc4ca9f30d1c2d6e306) Importer(815301076,1909f56bfc062723c751e8b465ee728b)
Start importing Assets/Animation/Pro Rifle Pack/idle aiming.fbx using Guid(2f7e24818f411bc4ca9f30d1c2d6e306) Importer(815301076,1909f56bfc062723c751e8b465ee728b)  -> (artifact id: 'ec21438e28d601c79d63e7f38b4867c3') in 0.008637 seconds 
  Import took 0.011572 seconds .

========================================================================
Received Import Request.
  Time since last request: 0.000147 seconds.
  path: Assets/Animation/Pro Rifle Pack/sprint left.fbx
  artifactKey: Guid(f283c232d08862446a3d979d3d038847) Importer(815301076,1909f56bfc062723c751e8b465ee728b)
Start importing Assets/Animation/Pro Rifle Pack/sprint left.fbx using Guid(f283c232d08862446a3d979d3d038847) Importer(815301076,1909f56bfc062723c751e8b465ee728b)  -> (artifact id: '5000fdca9b9f45347b1cf9b35dfd7c48') in 0.009336 seconds 
  Import took 0.012096 seconds .

========================================================================
Received Import Request.
  Time since last request: 0.000150 seconds.
  path: Assets/Animation/Pro Rifle Pack/run right.fbx
  artifactKey: Guid(cffad69589b8085479c0598ed05def61) Importer(815301076,1909f56bfc062723c751e8b465ee728b)
Start importing Assets/Animation/Pro Rifle Pack/run right.fbx using Guid(cffad69589b8085479c0598ed05def61) Importer(815301076,1909f56bfc062723c751e8b465ee728b)  -> (artifact id: '92fd33b632f63172d3410d73deacd9d8') in 0.025603 seconds 
  Import took 0.028421 seconds .

========================================================================
Received Import Request.
  Time since last request: 0.000233 seconds.
  path: Assets/Animation/Pro Rifle Pack/walk backward right.fbx
  artifactKey: Guid(aefb0bbb51b2f144e990a7a5ba03b0d3) Importer(815301076,1909f56bfc062723c751e8b465ee728b)
Start importing Assets/Animation/Pro Rifle Pack/walk backward right.fbx using Guid(aefb0bbb51b2f144e990a7a5ba03b0d3) Importer(815301076,1909f56bfc062723c751e8b465ee728b)  -> (artifact id: '7e986817090fa6edd7db6f07d437de13') in 0.008112 seconds 
  Import took 0.010776 seconds .

========================================================================
Received Import Request.
  Time since last request: 0.000181 seconds.
  path: Assets/Animation/Pro Rifle Pack/sprint right.fbx
  artifactKey: Guid(c716775270e877e499bacc7f2f82f44d) Importer(815301076,1909f56bfc062723c751e8b465ee728b)
Start importing Assets/Animation/Pro Rifle Pack/sprint right.fbx using Guid(c716775270e877e499bacc7f2f82f44d) Importer(815301076,1909f56bfc062723c751e8b465ee728b)  -> (artifact id: 'f49291ce239b1ceb871459928a538ba9') in 0.008551 seconds 
  Import took 0.011568 seconds .

========================================================================
Received Import Request.
  Time since last request: 0.000204 seconds.
  path: Assets/Animation/Pro Rifle Pack/jump up.fbx
  artifactKey: Guid(9912804aeeccd2c448f5dc2e4057deb3) Importer(815301076,1909f56bfc062723c751e8b465ee728b)
Start importing Assets/Animation/Pro Rifle Pack/jump up.fbx using Guid(9912804aeeccd2c448f5dc2e4057deb3) Importer(815301076,1909f56bfc062723c751e8b465ee728b)  -> (artifact id: '96ad99312b0fc233ee2a168f70759dc1') in 0.008451 seconds 
  Import took 0.011509 seconds .

========================================================================
Received Import Request.
  Time since last request: 0.000168 seconds.
  path: Assets/Animation/Pro Rifle Pack/idle crouching aiming.fbx
  artifactKey: Guid(c62b7ec9a48fc1245b8341867948681c) Importer(815301076,1909f56bfc062723c751e8b465ee728b)
Start importing Assets/Animation/Pro Rifle Pack/idle crouching aiming.fbx using Guid(c62b7ec9a48fc1245b8341867948681c) Importer(815301076,1909f56bfc062723c751e8b465ee728b)  -> (artifact id: 'e466177a9f7571c643d34388ea8fd1d7') in 0.008059 seconds 
  Import took 0.010859 seconds .

========================================================================
Received Import Request.
  Time since last request: 0.000187 seconds.
  path: Assets/Animation/Pro Rifle Pack/death crouching headshot front.fbx
  artifactKey: Guid(a91ba4553121ada41b2097fd8ad1db71) Importer(815301076,1909f56bfc062723c751e8b465ee728b)
Start importing Assets/Animation/Pro Rifle Pack/death crouching headshot front.fbx using Guid(a91ba4553121ada41b2097fd8ad1db71) Importer(815301076,1909f56bfc062723c751e8b465ee728b)  -> (artifact id: '2ec680c1f2781dc78c924afe9957ebc7') in 0.008913 seconds 
  Import took 0.011882 seconds .

========================================================================
Received Import Request.
  Time since last request: 0.000174 seconds.
  path: Assets/Animation/Pro Rifle Pack/walk forward.fbx
  artifactKey: Guid(6cfe1790855e94146ba8dae4e7eebbc6) Importer(815301076,1909f56bfc062723c751e8b465ee728b)
Start importing Assets/Animation/Pro Rifle Pack/walk forward.fbx using Guid(6cfe1790855e94146ba8dae4e7eebbc6) Importer(815301076,1909f56bfc062723c751e8b465ee728b)  -> (artifact id: '8439e5d2d57da494dec082a5e3e52a91') in 0.008592 seconds 
  Import took 0.011393 seconds .

========================================================================
Received Import Request.
  Time since last request: 0.000174 seconds.
  path: Assets/Animation/Pro Rifle Pack/crouching turn 90 right.fbx
  artifactKey: Guid(0fec2f706b8f97a498b388f70b4a116b) Importer(815301076,1909f56bfc062723c751e8b465ee728b)
Start importing Assets/Animation/Pro Rifle Pack/crouching turn 90 right.fbx using Guid(0fec2f706b8f97a498b388f70b4a116b) Importer(815301076,1909f56bfc062723c751e8b465ee728b)  -> (artifact id: '2edf46857a6b6ba2f0070258ecc60200') in 0.008432 seconds 
  Import took 0.011766 seconds .

========================================================================
Received Import Request.
  Time since last request: 0.000151 seconds.
  path: Assets/Animation/Pro Rifle Pack/run left.fbx
  artifactKey: Guid(e9ac262f1c9e8654581614b7a0d603a1) Importer(815301076,1909f56bfc062723c751e8b465ee728b)
Start importing Assets/Animation/Pro Rifle Pack/run left.fbx using Guid(e9ac262f1c9e8654581614b7a0d603a1) Importer(815301076,1909f56bfc062723c751e8b465ee728b)  -> (artifact id: '5f8a76ab750158abdb9bbe5223636be5') in 0.009291 seconds 
  Import took 0.012365 seconds .

========================================================================
Received Import Request.
  Time since last request: 0.000159 seconds.
  path: Assets/Animation/Pro Rifle Pack/death from the back.fbx
  artifactKey: Guid(5737549358b05914f8ef14bce127a57d) Importer(815301076,1909f56bfc062723c751e8b465ee728b)
Start importing Assets/Animation/Pro Rifle Pack/death from the back.fbx using Guid(5737549358b05914f8ef14bce127a57d) Importer(815301076,1909f56bfc062723c751e8b465ee728b)  -> (artifact id: '42e9f89e1b765bce2b75e4651a97bfbe') in 0.008960 seconds 
  Import took 0.012177 seconds .

========================================================================
Received Import Request.
  Time since last request: 0.000171 seconds.
  path: Assets/Animation/Pro Rifle Pack/sprint forward left.fbx
  artifactKey: Guid(cccdb4c3871af5d409d0cdeab74e8e5a) Importer(815301076,1909f56bfc062723c751e8b465ee728b)
Start importing Assets/Animation/Pro Rifle Pack/sprint forward left.fbx using Guid(cccdb4c3871af5d409d0cdeab74e8e5a) Importer(815301076,1909f56bfc062723c751e8b465ee728b)  -> (artifact id: 'fe53c5610187647dfa976c03681aef0e') in 0.008527 seconds 
  Import took 0.011886 seconds .

========================================================================
Received Import Request.
  Time since last request: 0.000245 seconds.
  path: Assets/Animation/Pro Rifle Pack/walk crouching backward right.fbx
  artifactKey: Guid(03029537d37066b499f48ede63b31d70) Importer(815301076,1909f56bfc062723c751e8b465ee728b)
Start importing Assets/Animation/Pro Rifle Pack/walk crouching backward right.fbx using Guid(03029537d37066b499f48ede63b31d70) Importer(815301076,1909f56bfc062723c751e8b465ee728b)  -> (artifact id: 'a3b6eb0b3ea0b6d5dbc46f6e51baf10c') in 0.008250 seconds 
  Import took 0.011851 seconds .

========================================================================
Received Import Request.
  Time since last request: 0.000167 seconds.
  path: Assets/Animation/Pro Rifle Pack/walk crouching left.fbx
  artifactKey: Guid(887b26c8b8b97b2438c3454f5f66d7f0) Importer(815301076,1909f56bfc062723c751e8b465ee728b)
Start importing Assets/Animation/Pro Rifle Pack/walk crouching left.fbx using Guid(887b26c8b8b97b2438c3454f5f66d7f0) Importer(815301076,1909f56bfc062723c751e8b465ee728b)  -> (artifact id: 'ef2008de6cd1fdd83a41469739d43ed6') in 0.008638 seconds 
  Import took 0.011827 seconds .

========================================================================
Received Import Request.
  Time since last request: 0.000178 seconds.
  path: Assets/Animation/Pro Rifle Pack/walk crouching forward.fbx
  artifactKey: Guid(7c62177d6629dba4b89f8858d57cc6ca) Importer(815301076,1909f56bfc062723c751e8b465ee728b)
Start importing Assets/Animation/Pro Rifle Pack/walk crouching forward.fbx using Guid(7c62177d6629dba4b89f8858d57cc6ca) Importer(815301076,1909f56bfc062723c751e8b465ee728b)  -> (artifact id: '1ab5b18c2e069122ac6d1efc931a01ac') in 0.008312 seconds 
  Import took 0.011442 seconds .

========================================================================
Received Import Request.
  Time since last request: 0.000189 seconds.
  path: Assets/Animation/Pro Rifle Pack/walk crouching backward left.fbx
  artifactKey: Guid(e7483ab2afd4b1b428a42ccf944bc6af) Importer(815301076,1909f56bfc062723c751e8b465ee728b)
Start importing Assets/Animation/Pro Rifle Pack/walk crouching backward left.fbx using Guid(e7483ab2afd4b1b428a42ccf944bc6af) Importer(815301076,1909f56bfc062723c751e8b465ee728b)  -> (artifact id: '0a90d55a17760035f9082979704b5235') in 0.009078 seconds 
  Import took 0.012162 seconds .

========================================================================
Received Import Request.
  Time since last request: 0.000148 seconds.
  path: Assets/Animation/Pro Rifle Pack/walk forward left.fbx
  artifactKey: Guid(9caf47766935dc942812a594ac09ebf2) Importer(815301076,1909f56bfc062723c751e8b465ee728b)
Start importing Assets/Animation/Pro Rifle Pack/walk forward left.fbx using Guid(9caf47766935dc942812a594ac09ebf2) Importer(815301076,1909f56bfc062723c751e8b465ee728b)  -> (artifact id: '658a405f7860d43047c9c9444cd54b4d') in 0.008626 seconds 
  Import took 0.011410 seconds .

========================================================================
Received Import Request.
  Time since last request: 0.000152 seconds.
  path: Assets/Animation/Pro Rifle Pack/walk forward right.fbx
  artifactKey: Guid(8186a4ff02531ce45bf6bfe6c6e1c940) Importer(815301076,1909f56bfc062723c751e8b465ee728b)
Start importing Assets/Animation/Pro Rifle Pack/walk forward right.fbx using Guid(8186a4ff02531ce45bf6bfe6c6e1c940) Importer(815301076,1909f56bfc062723c751e8b465ee728b)  -> (artifact id: 'a0d4e166a16aa9f8ccfc3a8f1784be8c') in 0.008522 seconds 
  Import took 0.011621 seconds .

========================================================================
Received Import Request.
  Time since last request: 0.000212 seconds.
  path: Assets/Animation/Pro Rifle Pack/run backward left.fbx
  artifactKey: Guid(8304e1445461bfc4bb4d769ef48d2301) Importer(815301076,1909f56bfc062723c751e8b465ee728b)
Start importing Assets/Animation/Pro Rifle Pack/run backward left.fbx using Guid(8304e1445461bfc4bb4d769ef48d2301) Importer(815301076,1909f56bfc062723c751e8b465ee728b)  -> (artifact id: '3067f7237d33bce131ac7f046fd0966a') in 0.009245 seconds 
  Import took 0.012088 seconds .

========================================================================
Received Import Request.
  Time since last request: 0.000139 seconds.
  path: Assets/Animation/Pro Rifle Pack/sprint forward.fbx
  artifactKey: Guid(b10f4a05e02068a4da1a05fbf3fc8cba) Importer(815301076,1909f56bfc062723c751e8b465ee728b)
Start importing Assets/Animation/Pro Rifle Pack/sprint forward.fbx using Guid(b10f4a05e02068a4da1a05fbf3fc8cba) Importer(815301076,1909f56bfc062723c751e8b465ee728b)  -> (artifact id: '096d7c9b3c2fbf6575e09885614abef5') in 0.008045 seconds 
  Import took 0.011589 seconds .

========================================================================
Received Import Request.
  Time since last request: 0.000173 seconds.
  path: Assets/Animation/Pro Rifle Pack/sprint backward.fbx
  artifactKey: Guid(63b9c72f88f99924db7d556acdab5b07) Importer(815301076,1909f56bfc062723c751e8b465ee728b)
Start importing Assets/Animation/Pro Rifle Pack/sprint backward.fbx using Guid(63b9c72f88f99924db7d556acdab5b07) Importer(815301076,1909f56bfc062723c751e8b465ee728b)  -> (artifact id: '25e94495f867b3f31b073604986ea012') in 0.009069 seconds 
  Import took 0.012506 seconds .

========================================================================
Received Import Request.
  Time since last request: 0.000259 seconds.
  path: Assets/Animation/Pro Rifle Pack/death from the front.fbx
  artifactKey: Guid(8915d23587b0fa049bb0dd8c2af9b6e8) Importer(815301076,1909f56bfc062723c751e8b465ee728b)
Start importing Assets/Animation/Pro Rifle Pack/death from the front.fbx using Guid(8915d23587b0fa049bb0dd8c2af9b6e8) Importer(815301076,1909f56bfc062723c751e8b465ee728b)  -> (artifact id: '32d0904156ed15378305e13f3e6c87d0') in 0.013954 seconds 
  Import took 0.018168 seconds .

========================================================================
Received Import Request.
  Time since last request: 0.000219 seconds.
  path: Assets/Animation/Pro Rifle Pack/turn 90 left.fbx
  artifactKey: Guid(6d6fd3e5a06e9f240ad82f0d1f744365) Importer(815301076,1909f56bfc062723c751e8b465ee728b)
Start importing Assets/Animation/Pro Rifle Pack/turn 90 left.fbx using Guid(6d6fd3e5a06e9f240ad82f0d1f744365) Importer(815301076,1909f56bfc062723c751e8b465ee728b)  -> (artifact id: '13229a83a22964d1ec1753fbe59b6c2d') in 0.008236 seconds 
  Import took 0.011789 seconds .

========================================================================
Received Import Request.
  Time since last request: 0.000218 seconds.
  path: Assets/Animation/Pro Rifle Pack/walk crouching forward right.fbx
  artifactKey: Guid(8974161694f5fcd4393b0c9852ca3ca4) Importer(815301076,1909f56bfc062723c751e8b465ee728b)
Start importing Assets/Animation/Pro Rifle Pack/walk crouching forward right.fbx using Guid(8974161694f5fcd4393b0c9852ca3ca4) Importer(815301076,1909f56bfc062723c751e8b465ee728b)  -> (artifact id: '846873c5ea4dd5ee2c2c8165db12dd0d') in 0.008855 seconds 
  Import took 0.012167 seconds .

========================================================================
Received Import Request.
  Time since last request: 0.000200 seconds.
  path: Assets/Animation/Pro Rifle Pack/walk left.fbx
  artifactKey: Guid(f342b98df9dfefb4d9dc08e423fa12f1) Importer(815301076,1909f56bfc062723c751e8b465ee728b)
Start importing Assets/Animation/Pro Rifle Pack/walk left.fbx using Guid(f342b98df9dfefb4d9dc08e423fa12f1) Importer(815301076,1909f56bfc062723c751e8b465ee728b)  -> (artifact id: '47cd26afafda6b628b221212dd694ba6') in 0.009487 seconds 
  Import took 0.012733 seconds .

========================================================================
Received Import Request.
  Time since last request: 0.000170 seconds.
  path: Assets/Animation/Pro Rifle Pack/jump loop.fbx
  artifactKey: Guid(8e8cfa4d0916efe4a9ff0c794bfc31ee) Importer(815301076,1909f56bfc062723c751e8b465ee728b)
Start importing Assets/Animation/Pro Rifle Pack/jump loop.fbx using Guid(8e8cfa4d0916efe4a9ff0c794bfc31ee) Importer(815301076,1909f56bfc062723c751e8b465ee728b)  -> (artifact id: '827ba89ff5ac0a1b64369f3abd7a9144') in 0.007916 seconds 
  Import took 0.011365 seconds .

========================================================================
Received Import Request.
  Time since last request: 0.000226 seconds.
  path: Assets/Animation/Pro Rifle Pack/run backward.fbx
  artifactKey: Guid(f1320f95038871d41aa4b62b4311f0e7) Importer(815301076,1909f56bfc062723c751e8b465ee728b)
Start importing Assets/Animation/Pro Rifle Pack/run backward.fbx using Guid(f1320f95038871d41aa4b62b4311f0e7) Importer(815301076,1909f56bfc062723c751e8b465ee728b)  -> (artifact id: 'e05f6e08d52ec3e4056f29a36958efb9') in 0.008184 seconds 
  Import took 0.011586 seconds .

========================================================================
Received Import Request.
  Time since last request: 0.000131 seconds.
  path: Assets/Animation/Pro Rifle Pack/run forward right.fbx
  artifactKey: Guid(43bf5d99f8e84a947819055d37d7e8fc) Importer(815301076,1909f56bfc062723c751e8b465ee728b)
Start importing Assets/Animation/Pro Rifle Pack/run forward right.fbx using Guid(43bf5d99f8e84a947819055d37d7e8fc) Importer(815301076,1909f56bfc062723c751e8b465ee728b)  -> (artifact id: '67e2d49f826bde093396ea3100906a61') in 0.008947 seconds 
  Import took 0.012069 seconds .

========================================================================
Received Import Request.
  Time since last request: 0.000191 seconds.
  path: Assets/Animation/Pro Rifle Pack/walk backward left.fbx
  artifactKey: Guid(93bd9e2bc1e08da4c9e1ed66e3eb589b) Importer(815301076,1909f56bfc062723c751e8b465ee728b)
Start importing Assets/Animation/Pro Rifle Pack/walk backward left.fbx using Guid(93bd9e2bc1e08da4c9e1ed66e3eb589b) Importer(815301076,1909f56bfc062723c751e8b465ee728b)  -> (artifact id: '3b822fa88bf4ed189efb9b8888691d28') in 0.008533 seconds 
  Import took 0.011875 seconds .

========================================================================
Received Import Request.
  Time since last request: 0.000202 seconds.
  path: Assets/Animation/Pro Rifle Pack/walk crouching backward.fbx
  artifactKey: Guid(e697e42049d95364ab4ee8ab2f3cf6e3) Importer(815301076,1909f56bfc062723c751e8b465ee728b)
Start importing Assets/Animation/Pro Rifle Pack/walk crouching backward.fbx using Guid(e697e42049d95364ab4ee8ab2f3cf6e3) Importer(815301076,1909f56bfc062723c751e8b465ee728b)  -> (artifact id: '3f91a32ce6cd23cb669f857f6495cec1') in 0.011325 seconds 
  Import took 0.014758 seconds .

========================================================================
Received Import Request.
  Time since last request: 0.000176 seconds.
  path: Assets/Animation/Pro Rifle Pack/walk crouching forward left.fbx
  artifactKey: Guid(b4625414dc9fa884088fe33f43c6d754) Importer(815301076,1909f56bfc062723c751e8b465ee728b)
Start importing Assets/Animation/Pro Rifle Pack/walk crouching forward left.fbx using Guid(b4625414dc9fa884088fe33f43c6d754) Importer(815301076,1909f56bfc062723c751e8b465ee728b)  -> (artifact id: '5390d853769b2b2e9d5ff04e2c6fc613') in 0.008519 seconds 
  Import took 0.012069 seconds .

========================================================================
Received Import Request.
  Time since last request: 0.000355 seconds.
  path: Assets/Animation/Pro Rifle Pack/death from right.fbx
  artifactKey: Guid(8349ee881161fdf4ab29031a55bb9f34) Importer(815301076,1909f56bfc062723c751e8b465ee728b)
Start importing Assets/Animation/Pro Rifle Pack/death from right.fbx using Guid(8349ee881161fdf4ab29031a55bb9f34) Importer(815301076,1909f56bfc062723c751e8b465ee728b)  -> (artifact id: '08cfd0921d0a8a702fd9c06b1b7a9bd4') in 0.010264 seconds 
  Import took 0.013801 seconds .

========================================================================
Received Import Request.
  Time since last request: 0.000162 seconds.
  path: Assets/Animation/Pro Rifle Pack/run backward right.fbx
  artifactKey: Guid(7673682d9e7ee74419b25afd36e1b83b) Importer(815301076,1909f56bfc062723c751e8b465ee728b)
Start importing Assets/Animation/Pro Rifle Pack/run backward right.fbx using Guid(7673682d9e7ee74419b25afd36e1b83b) Importer(815301076,1909f56bfc062723c751e8b465ee728b)  -> (artifact id: '7b51afc4eb83f8cb3e2409fe638bd4cb') in 0.008736 seconds 
  Import took 0.011787 seconds .

========================================================================
Received Import Request.
  Time since last request: 0.000284 seconds.
  path: Assets/Animation/Pro Rifle Pack/idle.fbx
  artifactKey: Guid(29551e648e40cd04db09891f20868859) Importer(815301076,1909f56bfc062723c751e8b465ee728b)
Start importing Assets/Animation/Pro Rifle Pack/idle.fbx using Guid(29551e648e40cd04db09891f20868859) Importer(815301076,1909f56bfc062723c751e8b465ee728b)  -> (artifact id: 'fbfe36fda644b3fe05c68f0e87ff9957') in 0.022864 seconds 
  Import took 0.025907 seconds .

========================================================================
Received Import Request.
  Time since last request: 0.000215 seconds.
  path: Assets/Animation/Pro Rifle Pack/run forward left.fbx
  artifactKey: Guid(08517f35c2b660744a229f7233813904) Importer(815301076,1909f56bfc062723c751e8b465ee728b)
Start importing Assets/Animation/Pro Rifle Pack/run forward left.fbx using Guid(08517f35c2b660744a229f7233813904) Importer(815301076,1909f56bfc062723c751e8b465ee728b)  -> (artifact id: 'e30ccbb88b754e7dc857dd0e9b815926') in 0.008473 seconds 
  Import took 0.011355 seconds .

========================================================================
Received Import Request.
  Time since last request: 0.000330 seconds.
  path: Assets/Animation/Pro Rifle Pack/death from front headshot.fbx
  artifactKey: Guid(1986ad4635bf3474488311c23daf0b31) Importer(815301076,1909f56bfc062723c751e8b465ee728b)
Start importing Assets/Animation/Pro Rifle Pack/death from front headshot.fbx using Guid(1986ad4635bf3474488311c23daf0b31) Importer(815301076,1909f56bfc062723c751e8b465ee728b)  -> (artifact id: '42250b2fff3225144da979505f7922dd') in 0.009068 seconds 
  Import took 0.012714 seconds .

========================================================================
Received Import Request.
  Time since last request: 0.000241 seconds.
  path: Assets/Animation/Pro Rifle Pack/sprint backward right.fbx
  artifactKey: Guid(cb900552a80cfe14e8e6907e3bcc7138) Importer(815301076,1909f56bfc062723c751e8b465ee728b)
Start importing Assets/Animation/Pro Rifle Pack/sprint backward right.fbx using Guid(cb900552a80cfe14e8e6907e3bcc7138) Importer(815301076,1909f56bfc062723c751e8b465ee728b)  -> (artifact id: '265b618c843545c831f05183c2a5a945') in 0.008658 seconds 
  Import took 0.012214 seconds .

========================================================================
Received Import Request.
  Time since last request: 0.000249 seconds.
  path: Assets/Animation/Pro Rifle Pack/walk right.fbx
  artifactKey: Guid(6691f7b22e30485458de68cbe24608ef) Importer(815301076,1909f56bfc062723c751e8b465ee728b)
Start importing Assets/Animation/Pro Rifle Pack/walk right.fbx using Guid(6691f7b22e30485458de68cbe24608ef) Importer(815301076,1909f56bfc062723c751e8b465ee728b)  -> (artifact id: '29f920de8299df89a1e6aebd22da29b1') in 0.008681 seconds 
  Import took 0.011801 seconds .

========================================================================
Received Import Request.
  Time since last request: 0.000222 seconds.
  path: Assets/Animation/Pro Rifle Pack/walk backward.fbx
  artifactKey: Guid(89c28b8a54f62cf40b348dd57a25d10d) Importer(815301076,1909f56bfc062723c751e8b465ee728b)
Start importing Assets/Animation/Pro Rifle Pack/walk backward.fbx using Guid(89c28b8a54f62cf40b348dd57a25d10d) Importer(815301076,1909f56bfc062723c751e8b465ee728b)  -> (artifact id: '48bfd814aa99fe76216e5d3466deb1f3') in 0.008854 seconds 
  Import took 0.012616 seconds .

========================================================================
Received Import Request.
  Time since last request: 0.000216 seconds.
  path: Assets/Animation/Pro Rifle Pack/run forward.fbx
  artifactKey: Guid(5b31d55be5e94cb43b25620ae8e730e3) Importer(815301076,1909f56bfc062723c751e8b465ee728b)
Start importing Assets/Animation/Pro Rifle Pack/run forward.fbx using Guid(5b31d55be5e94cb43b25620ae8e730e3) Importer(815301076,1909f56bfc062723c751e8b465ee728b)  -> (artifact id: 'e6c331dc06d33815cc3c4010754a2ef7') in 0.008403 seconds 
  Import took 0.015385 seconds .

========================================================================
Received Import Request.
  Time since last request: 0.000258 seconds.
  path: Assets/Animation/Pro Rifle Pack/sprint backward left.fbx
  artifactKey: Guid(e555829ccd6a0a642bcbc2568c6485c9) Importer(815301076,1909f56bfc062723c751e8b465ee728b)
Start importing Assets/Animation/Pro Rifle Pack/sprint backward left.fbx using Guid(e555829ccd6a0a642bcbc2568c6485c9) Importer(815301076,1909f56bfc062723c751e8b465ee728b)  -> (artifact id: 'e1842a8e02040b0a4a4e074e1b71b810') in 0.008722 seconds 
  Import took 0.012953 seconds .

========================================================================
Received Import Request.
  Time since last request: 0.000345 seconds.
  path: Assets/Animation/Pro Rifle Pack/turn 90 right.fbx
  artifactKey: Guid(0e784edd7c1bdd347817cdd263cf40ee) Importer(815301076,1909f56bfc062723c751e8b465ee728b)
Start importing Assets/Animation/Pro Rifle Pack/turn 90 right.fbx using Guid(0e784edd7c1bdd347817cdd263cf40ee) Importer(815301076,1909f56bfc062723c751e8b465ee728b)  -> (artifact id: '6ac42305f83b060f3fe9d4cd1b682e97') in 0.008378 seconds 
  Import took 0.012140 seconds .

========================================================================
Received Import Request.
  Time since last request: 0.000213 seconds.
  path: Assets/Animation/Pro Rifle Pack/walk crouching right.fbx
  artifactKey: Guid(5b610dafc1f1a434fae5747b0d439a28) Importer(815301076,1909f56bfc062723c751e8b465ee728b)
Start importing Assets/Animation/Pro Rifle Pack/walk crouching right.fbx using Guid(5b610dafc1f1a434fae5747b0d439a28) Importer(815301076,1909f56bfc062723c751e8b465ee728b)  -> (artifact id: 'a0fac6a9e55987950b919cdc9e7d9d02') in 0.008044 seconds 
  Import took 0.011003 seconds .

========================================================================
Received Import Request.
  Time since last request: 0.000177 seconds.
  path: Assets/Animation/Pro Rifle Pack/idle crouching.fbx
  artifactKey: Guid(20e6bc8e665e7d846bdfd67c7a020c5a) Importer(815301076,1909f56bfc062723c751e8b465ee728b)
Start importing Assets/Animation/Pro Rifle Pack/idle crouching.fbx using Guid(20e6bc8e665e7d846bdfd67c7a020c5a) Importer(815301076,1909f56bfc062723c751e8b465ee728b)  -> (artifact id: '47d3465c3412af73bfd43edc2d90ca35') in 0.009850 seconds 
  Import took 0.013064 seconds .

========================================================================
Received Import Request.
  Time since last request: 0.000244 seconds.
  path: Assets/Animation/Pro Rifle Pack/death from back headshot.fbx
  artifactKey: Guid(ac633fad2feebe64689f7d0bf57ce0a2) Importer(815301076,1909f56bfc062723c751e8b465ee728b)
Start importing Assets/Animation/Pro Rifle Pack/death from back headshot.fbx using Guid(ac633fad2feebe64689f7d0bf57ce0a2) Importer(815301076,1909f56bfc062723c751e8b465ee728b)  -> (artifact id: '166afb2d20c5fb22ac6c9f50cca8da95') in 0.009524 seconds 
  Import took 0.013097 seconds .

========================================================================
Received Import Request.
  Time since last request: 0.000210 seconds.
  path: Assets/Animation/Pro Rifle Pack/sprint forward right.fbx
  artifactKey: Guid(e2a90375f303f3440b6541ab77a05468) Importer(815301076,1909f56bfc062723c751e8b465ee728b)
Start importing Assets/Animation/Pro Rifle Pack/sprint forward right.fbx using Guid(e2a90375f303f3440b6541ab77a05468) Importer(815301076,1909f56bfc062723c751e8b465ee728b)  -> (artifact id: 'cf910fdc1f514df6af3262d0a92c03b5') in 0.008696 seconds 
  Import took 0.012108 seconds .

========================================================================
Received Import Request.
  Time since last request: 0.000214 seconds.
  path: Assets/Animation/Pro Rifle Pack/jump down.fbx
  artifactKey: Guid(cf5188d4679385e48b8b55a0a28a2540) Importer(815301076,1909f56bfc062723c751e8b465ee728b)
Start importing Assets/Animation/Pro Rifle Pack/jump down.fbx using Guid(cf5188d4679385e48b8b55a0a28a2540) Importer(815301076,1909f56bfc062723c751e8b465ee728b)  -> (artifact id: '2102469ea0ec453ce8129635abae4ba5') in 0.008389 seconds 
  Import took 0.011929 seconds .

========================================================================
Received Import Request.
  Time since last request: 28.872798 seconds.
  path: Assets/Animation/Pro Rifle Pack/sprint forward right.fbx
  artifactKey: Guid(e2a90375f303f3440b6541ab77a05468) Importer(815301076,1909f56bfc062723c751e8b465ee728b)
Start importing Assets/Animation/Pro Rifle Pack/sprint forward right.fbx using Guid(e2a90375f303f3440b6541ab77a05468) Importer(815301076,1909f56bfc062723c751e8b465ee728b)  -> (artifact id: '64a82ab80ae58100ec422e890908103c') in 0.005307 seconds 
  Import took 0.009499 seconds .

========================================================================
Received Import Request.
  Time since last request: 31.330130 seconds.
  path: Assets/Animation/Pro Rifle Pack/idle.fbx
  artifactKey: Guid(29551e648e40cd04db09891f20868859) Importer(815301076,1909f56bfc062723c751e8b465ee728b)
Start importing Assets/Animation/Pro Rifle Pack/idle.fbx using Guid(29551e648e40cd04db09891f20868859) Importer(815301076,1909f56bfc062723c751e8b465ee728b)  -> (artifact id: 'bcb173be746cd73eafedf7355886235b') in 0.005475 seconds 
  Import took 0.009009 seconds .

========================================================================
Received Import Request.
  Time since last request: 38.722189 seconds.
  path: Assets/Animation/Pro Rifle Pack/idle.fbx
  artifactKey: Guid(29551e648e40cd04db09891f20868859) Importer(815301076,1909f56bfc062723c751e8b465ee728b)
Start importing Assets/Animation/Pro Rifle Pack/idle.fbx using Guid(29551e648e40cd04db09891f20868859) Importer(815301076,1909f56bfc062723c751e8b465ee728b)  -> (artifact id: '67f2f12dc248727ee71ab29d51d18bd4') in 0.009207 seconds 
  Import took 0.013279 seconds .

========================================================================
Received Import Request.
  Time since last request: 27.156778 seconds.
  path: Assets/Animation/Pro Rifle Pack/idle aiming.fbx
  artifactKey: Guid(2f7e24818f411bc4ca9f30d1c2d6e306) Importer(815301076,1909f56bfc062723c751e8b465ee728b)
Start importing Assets/Animation/Pro Rifle Pack/idle aiming.fbx using Guid(2f7e24818f411bc4ca9f30d1c2d6e306) Importer(815301076,1909f56bfc062723c751e8b465ee728b)  -> (artifact id: 'f4ab0e03d113ed4b4dfc2dce64f5c04d') in 0.005721 seconds 
  Import took 0.009425 seconds .

========================================================================
Received Import Request.
  Time since last request: 24.682679 seconds.
  path: Assets/Animation/Pro Rifle Pack/idle aiming.fbx
  artifactKey: Guid(2f7e24818f411bc4ca9f30d1c2d6e306) Importer(815301076,1909f56bfc062723c751e8b465ee728b)
Start importing Assets/Animation/Pro Rifle Pack/idle aiming.fbx using Guid(2f7e24818f411bc4ca9f30d1c2d6e306) Importer(815301076,1909f56bfc062723c751e8b465ee728b)  -> (artifact id: '543e64fa42b0f45d982499a9bb8d69c0') in 0.005608 seconds 
  Import took 0.009657 seconds .

========================================================================
Received Import Request.
  Time since last request: 254.821817 seconds.
  path: Assets/3D/ppskn42-heavy-battlerifle.zip
  artifactKey: Guid(388ea0c2f0be5664dafb0c4873b9eba2) Importer(815301076,1909f56bfc062723c751e8b465ee728b)
Start importing Assets/3D/ppskn42-heavy-battlerifle.zip using Guid(388ea0c2f0be5664dafb0c4873b9eba2) Importer(815301076,1909f56bfc062723c751e8b465ee728b)  -> (artifact id: '3db0f0754ff9e99d34d7f996aa73e78f') in 0.009795 seconds 
  Import took 0.013746 seconds .

========================================================================
Received Import Request.
  Time since last request: 15.031552 seconds.
  path: Assets/3D/ppskn42-heavy-battlerifle
  artifactKey: Guid(1d75ca59027a3ba478e2e79136d152e2) Importer(815301076,1909f56bfc062723c751e8b465ee728b)
Start importing Assets/3D/ppskn42-heavy-battlerifle using Guid(1d75ca59027a3ba478e2e79136d152e2) Importer(815301076,1909f56bfc062723c751e8b465ee728b)  -> (artifact id: '254a9230a4bb5f2272013510c7b08dfe') in 0.001481 seconds 
  Import took 0.004798 seconds .

========================================================================
Received Import Request.
  Time since last request: 1.020009 seconds.
  path: Assets/3D/ppskn42-heavy-battlerifle/source
  artifactKey: Guid(d063a724b0cc7ed4190e60a9a8041e9e) Importer(815301076,1909f56bfc062723c751e8b465ee728b)
Start importing Assets/3D/ppskn42-heavy-battlerifle/source using Guid(d063a724b0cc7ed4190e60a9a8041e9e) Importer(815301076,1909f56bfc062723c751e8b465ee728b)  -> (artifact id: '5339a0d5d9bf2bf3cce6135d39574dc0') in 0.004965 seconds 
  Import took 0.008292 seconds .

========================================================================
Received Import Request.
  Time since last request: 4.095603 seconds.
  path: Assets/3D/ppskn42-heavy-battlerifle/textures
  artifactKey: Guid(f6c7b67d470881347a243978e671b49c) Importer(815301076,1909f56bfc062723c751e8b465ee728b)
Start importing Assets/3D/ppskn42-heavy-battlerifle/textures using Guid(f6c7b67d470881347a243978e671b49c) Importer(815301076,1909f56bfc062723c751e8b465ee728b)  -> (artifact id: 'dc71f8b4a4144efbbbd795ad641eccde') in 0.005491 seconds 
  Import took 0.008839 seconds .

========================================================================
Received Import Request.
  Time since last request: 17.468761 seconds.
  path: Assets/3D/ppskn42-heavy-battlerifle/source/ppskn42.fbx
  artifactKey: Guid(69a654bd4152b714db188f6287bab8be) Importer(815301076,1909f56bfc062723c751e8b465ee728b)
Start importing Assets/3D/ppskn42-heavy-battlerifle/source/ppskn42.fbx using Guid(69a654bd4152b714db188f6287bab8be) Importer(815301076,1909f56bfc062723c751e8b465ee728b)  -> (artifact id: '095ace4ce3c67ffeb93c269d67a1f142') in 0.260692 seconds 
  Import took 0.264616 seconds .

========================================================================
Received Import Request.
  Time since last request: 5.502601 seconds.
  path: Assets/3D/ppskn42-heavy-battlerifle/source/ppskn42.fbx
  artifactKey: Guid(69a654bd4152b714db188f6287bab8be) Importer(815301076,1909f56bfc062723c751e8b465ee728b)
Start importing Assets/3D/ppskn42-heavy-battlerifle/source/ppskn42.fbx using Guid(69a654bd4152b714db188f6287bab8be) Importer(815301076,1909f56bfc062723c751e8b465ee728b)  -> (artifact id: '6d800f959a201b9d60e16bfd32842f83') in 0.078646 seconds 
  Import took 0.081910 seconds .

========================================================================
Received Import Request.
  Time since last request: 58.825809 seconds.
  path: Assets/3D/ppskn42-heavy-battlerifle/textures/ppskn42Curv.png
  artifactKey: Guid(df692ba96898ad647a9105c6536fb7be) Importer(815301076,1909f56bfc062723c751e8b465ee728b)
Start importing Assets/3D/ppskn42-heavy-battlerifle/textures/ppskn42Curv.png using Guid(df692ba96898ad647a9105c6536fb7be) Importer(815301076,1909f56bfc062723c751e8b465ee728b)  -> (artifact id: '1224e5c3af646c98e867c62517271451') in 0.028295 seconds 
  Import took 0.031249 seconds .

========================================================================
Received Import Request.
  Time since last request: 5.019305 seconds.
  path: Assets/3D/ppskn42-heavy-battlerifle/textures/ppsknAO.png
  artifactKey: Guid(08bcce16ee0faac42863e86a07984ea7) Importer(815301076,1909f56bfc062723c751e8b465ee728b)
Start importing Assets/3D/ppskn42-heavy-battlerifle/textures/ppsknAO.png using Guid(08bcce16ee0faac42863e86a07984ea7) Importer(815301076,1909f56bfc062723c751e8b465ee728b)  -> (artifact id: '065fcdf37ec7b9047643338dd9ee7d03') in 0.011324 seconds 
  Import took 0.014706 seconds .

========================================================================
Received Import Request.
  Time since last request: 0.595938 seconds.
  path: Assets/3D/ppskn42-heavy-battlerifle/textures/ppskn42Specular.png
  artifactKey: Guid(429d85994e668f54fb55db489eaf6cf4) Importer(815301076,1909f56bfc062723c751e8b465ee728b)
Start importing Assets/3D/ppskn42-heavy-battlerifle/textures/ppskn42Specular.png using Guid(429d85994e668f54fb55db489eaf6cf4) Importer(815301076,1909f56bfc062723c751e8b465ee728b)  -> (artifact id: 'b394012b411f517dc8751f68b6e5bc31') in 0.016898 seconds 
  Import took 0.020167 seconds .

========================================================================
Received Prepare
Registering precompiled user dll's ...
Registered in 0.002355 seconds.
Begin MonoManager ReloadAssembly
Native extension for WindowsStandalone target not found
Refreshing native plugins compatible for Editor in 0.44 ms, found 2 plugins.
Preloading 0 native plugins for Editor in 0.00 ms.
Mono: successfully reloaded assembly
- Completed reload, in  0.870 seconds
Domain Reload Profiling:
	ReloadAssembly (870ms)
		BeginReloadAssembly (89ms)
			ExecutionOrderSort (0ms)
			DisableScriptedObjects (3ms)
			BackupInstance (0ms)
			ReleaseScriptingObjects (0ms)
			CreateAndSetChildDomain (30ms)
		EndReloadAssembly (740ms)
			LoadAssemblies (65ms)
			RebuildTransferFunctionScriptingTraits (0ms)
			SetupTypeCache (224ms)
			ReleaseScriptCaches (1ms)
			RebuildScriptCaches (39ms)
			SetupLoadedEditorAssemblies (334ms)
				LogAssemblyErrors (0ms)
				InitializePlatformSupportModulesInManaged (4ms)
				SetLoadedEditorAssemblies (0ms)
				RefreshPlugins (0ms)
				BeforeProcessingInitializeOnLoad (63ms)
				ProcessInitializeOnLoadAttributes (259ms)
				ProcessInitializeOnLoadMethodAttributes (6ms)
				AfterProcessingInitializeOnLoad (2ms)
				EditorAssembliesLoaded (0ms)
			ExecutionOrderSort2 (0ms)
			AwakeInstancesAfterBackupRestoration (5ms)
Platform modules already initialized, skipping
Refreshing native plugins compatible for Editor in 0.43 ms, found 2 plugins.
Preloading 0 native plugins for Editor in 0.00 ms.
Unloading 2098 Unused Serialized files (Serialized files now loaded: 0)
System memory in use before: 185.4 MB.
System memory in use after: 185.5 MB.

Unloading 15 unused Assets to reduce memory usage. Loaded Objects now: 2706.
Total: 2.417800 ms (FindLiveObjects: 0.165000 ms CreateObjectMapping: 0.063700 ms MarkObjects: 2.175600 ms  DeleteObjects: 0.012600 ms)

AssetImportParameters requested are different than current active one (requested -> active):
  custom:framework-win-MediaFoundation: 216162199b28c13a410421893ffa2e32 -> 
  custom:video-decoder-ogg-theora: a1e56fd34408186e4bbccfd4996cb3dc -> 
  custom:container-muxer-webm: aa71ff27fc2769a1b78a27578f13a17b -> 
  custom:container-demuxer-webm: 4f35f7cbe854078d1ac9338744f61a02 -> 
  custom:container-demuxer-ogg: 62fdf1f143b41e24485cea50d1cbac27 -> 
  custom:video-encoder-webm-vp8: eb34c28f22e8b96e1ab97ce403110664 -> 
  custom:video-decoder-webm-vp8: 9c59270c3fd7afecdb556c50c9e8de78 -> 
  custom:audio-decoder-ogg-vorbis: bf7c407c2cedff20999df2af8eb42d56 -> 
  custom:audio-encoder-webm-vorbis: bf7c407c2cedff20999df2af8eb42d56 -> 
========================================================================
Received Prepare
Registering precompiled user dll's ...
Registered in 0.003083 seconds.
Begin MonoManager ReloadAssembly
Native extension for WindowsStandalone target not found
Refreshing native plugins compatible for Editor in 0.69 ms, found 2 plugins.
Preloading 0 native plugins for Editor in 0.00 ms.
Mono: successfully reloaded assembly
- Completed reload, in  1.159 seconds
Domain Reload Profiling:
	ReloadAssembly (1160ms)
		BeginReloadAssembly (107ms)
			ExecutionOrderSort (0ms)
			DisableScriptedObjects (4ms)
			BackupInstance (0ms)
			ReleaseScriptingObjects (0ms)
			CreateAndSetChildDomain (40ms)
		EndReloadAssembly (997ms)
			LoadAssemblies (87ms)
			RebuildTransferFunctionScriptingTraits (0ms)
			SetupTypeCache (317ms)
			ReleaseScriptCaches (1ms)
			RebuildScriptCaches (55ms)
			SetupLoadedEditorAssemblies (440ms)
				LogAssemblyErrors (0ms)
				InitializePlatformSupportModulesInManaged (5ms)
				SetLoadedEditorAssemblies (1ms)
				RefreshPlugins (1ms)
				BeforeProcessingInitializeOnLoad (85ms)
				ProcessInitializeOnLoadAttributes (337ms)
				ProcessInitializeOnLoadMethodAttributes (9ms)
				AfterProcessingInitializeOnLoad (3ms)
				EditorAssembliesLoaded (0ms)
			ExecutionOrderSort2 (0ms)
			AwakeInstancesAfterBackupRestoration (7ms)
Platform modules already initialized, skipping
Refreshing native plugins compatible for Editor in 0.56 ms, found 2 plugins.
Preloading 0 native plugins for Editor in 0.00 ms.
Unloading 2098 Unused Serialized files (Serialized files now loaded: 0)
System memory in use before: 185.4 MB.
System memory in use after: 185.5 MB.

Unloading 15 unused Assets to reduce memory usage. Loaded Objects now: 2708.
Total: 3.568200 ms (FindLiveObjects: 0.213800 ms CreateObjectMapping: 0.073200 ms MarkObjects: 3.246800 ms  DeleteObjects: 0.033000 ms)

AssetImportParameters requested are different than current active one (requested -> active):
  custom:framework-win-MediaFoundation: 216162199b28c13a410421893ffa2e32 -> 
  custom:video-decoder-ogg-theora: a1e56fd34408186e4bbccfd4996cb3dc -> 
  custom:container-muxer-webm: aa71ff27fc2769a1b78a27578f13a17b -> 
  custom:container-demuxer-webm: 4f35f7cbe854078d1ac9338744f61a02 -> 
  custom:container-demuxer-ogg: 62fdf1f143b41e24485cea50d1cbac27 -> 
  custom:video-encoder-webm-vp8: eb34c28f22e8b96e1ab97ce403110664 -> 
  custom:video-decoder-webm-vp8: 9c59270c3fd7afecdb556c50c9e8de78 -> 
  custom:audio-decoder-ogg-vorbis: bf7c407c2cedff20999df2af8eb42d56 -> 
  custom:audio-encoder-webm-vorbis: bf7c407c2cedff20999df2af8eb42d56 -> 
========================================================================
Received Prepare
Registering precompiled user dll's ...
Registered in 0.002269 seconds.
Begin MonoManager ReloadAssembly
Native extension for WindowsStandalone target not found
Refreshing native plugins compatible for Editor in 0.77 ms, found 2 plugins.
Preloading 0 native plugins for Editor in 0.00 ms.
Mono: successfully reloaded assembly
- Completed reload, in  1.155 seconds
Domain Reload Profiling:
	ReloadAssembly (1155ms)
		BeginReloadAssembly (99ms)
			ExecutionOrderSort (0ms)
			DisableScriptedObjects (5ms)
			BackupInstance (0ms)
			ReleaseScriptingObjects (0ms)
			CreateAndSetChildDomain (34ms)
		EndReloadAssembly (1000ms)
			LoadAssemblies (85ms)
			RebuildTransferFunctionScriptingTraits (0ms)
			SetupTypeCache (313ms)
			ReleaseScriptCaches (2ms)
			RebuildScriptCaches (53ms)
			SetupLoadedEditorAssemblies (446ms)
				LogAssemblyErrors (0ms)
				InitializePlatformSupportModulesInManaged (5ms)
				SetLoadedEditorAssemblies (1ms)
				RefreshPlugins (1ms)
				BeforeProcessingInitializeOnLoad (82ms)
				ProcessInitializeOnLoadAttributes (346ms)
				ProcessInitializeOnLoadMethodAttributes (8ms)
				AfterProcessingInitializeOnLoad (2ms)
				EditorAssembliesLoaded (0ms)
			ExecutionOrderSort2 (0ms)
			AwakeInstancesAfterBackupRestoration (7ms)
Platform modules already initialized, skipping
